# JRE version: Java(TM) SE Runtime Environment (8.0_152-b16) (build 1.8.0_152-b16)
# Java VM: Java HotSpot(TM) 64-Bit Server VM (25.152-b16 mixed mode windows-amd64 compressed oops)
Heap:
 PSYoungGen      total 291328K, used 181579K [0x00000000d5980000, 0x00000000f4f80000, 0x0000000100000000)
  eden space 253952K, 63% used [0x00000000d5980000,0x00000000df5ff840,0x00000000e5180000)
  from space 37376K, 57% used [0x00000000e5180000,0x00000000e6653788,0x00000000e7600000)
  to   space 53760K, 0% used [0x00000000f1b00000,0x00000000f1b00000,0x00000000f4f80000)
 ParOldGen       total 165376K, used 87139K [0x0000000080c00000, 0x000000008ad80000, 0x00000000d5980000)
  object space 165376K, 52% used [0x0000000080c00000,0x0000000086118fc0,0x000000008ad80000)
 Metaspace       used 6867K, capacity 7384K, committed 7680K, reserved 1056768K
  class space    used 649K, capacity 656K, committed 768K, reserved 1048576K
GC Heap History (10 events):
Event: 2.648 GC heap before
{Heap before GC invocations=6 (full 0):
 PSYoungGen      total 71680K, used 71670K [0x00000000d5980000, 0x00000000dfc80000, 0x0000000100000000)
  eden space 66560K, 100% used [0x00000000d5980000,0x00000000d9a80000,0x00000000d9a80000)
  from space 5120K, 99% used [0x00000000d9a80000,0x00000000d9f7dab8,0x00000000d9f80000)
  to   space 16896K, 0% used [0x00000000dec00000,0x00000000dec00000,0x00000000dfc80000)
 ParOldGen       total 87552K, used 25162K [0x0000000080c00000, 0x0000000086180000, 0x00000000d5980000)
  object space 87552K, 28% used [0x0000000080c00000,0x0000000082492918,0x0000000086180000)
 Metaspace       used 6728K, capacity 7320K, committed 7680K, reserved 1056768K
  class space    used 648K, capacity 656K, committed 768K, reserved 1048576K
Event: 2.681 GC heap after
Heap after GC invocations=6 (full 0):
 PSYoungGen      total 148480K, used 14681K [0x00000000d5980000, 0x00000000dff80000, 0x0000000100000000)
  eden space 131584K, 0% used [0x00000000d5980000,0x00000000d5980000,0x00000000dda00000)
  from space 16896K, 86% used [0x00000000dec00000,0x00000000dfa56528,0x00000000dfc80000)
  to   space 18432K, 0% used [0x00000000dda00000,0x00000000dda00000,0x00000000dec00000)
 ParOldGen       total 87552K, used 25162K [0x0000000080c00000, 0x0000000086180000, 0x00000000d5980000)
  object space 87552K, 28% used [0x0000000080c00000,0x0000000082492918,0x0000000086180000)
 Metaspace       used 6728K, capacity 7320K, committed 7680K, reserved 1056768K
  class space    used 648K, capacity 656K, committed 768K, reserved 1048576K
}
Event: 3.361 GC heap before
{Heap before GC invocations=7 (full 0):
 PSYoungGen      total 148480K, used 146265K [0x00000000d5980000, 0x00000000dff80000, 0x0000000100000000)
  eden space 131584K, 100% used [0x00000000d5980000,0x00000000dda00000,0x00000000dda00000)
  from space 16896K, 86% used [0x00000000dec00000,0x00000000dfa56528,0x00000000dfc80000)
  to   space 18432K, 0% used [0x00000000dda00000,0x00000000dda00000,0x00000000dec00000)
 ParOldGen       total 87552K, used 25162K [0x0000000080c00000, 0x0000000086180000, 0x00000000d5980000)
  object space 87552K, 28% used [0x0000000080c00000,0x0000000082492918,0x0000000086180000)
 Metaspace       used 6810K, capacity 7384K, committed 7680K, reserved 1056768K
  class space    used 648K, capacity 656K, committed 768K, reserved 1048576K
Event: 3.414 GC heap after
Heap after GC invocations=7 (full 0):
 PSYoungGen      total 150016K, used 18427K [0x00000000d5980000, 0x00000000e9180000, 0x0000000100000000)
  eden space 131584K, 0% used [0x00000000d5980000,0x00000000d5980000,0x00000000dda00000)
  from space 18432K, 99% used [0x00000000dda00000,0x00000000debfec78,0x00000000dec00000)
  to   space 28160K, 0% used [0x00000000e7600000,0x00000000e7600000,0x00000000e9180000)
 ParOldGen       total 87552K, used 39451K [0x0000000080c00000, 0x0000000086180000, 0x00000000d5980000)
  object space 87552K, 45% used [0x0000000080c00000,0x0000000083286d68,0x0000000086180000)
 Metaspace       used 6810K, capacity 7384K, committed 7680K, reserved 1056768K
  class space    used 648K, capacity 656K, committed 768K, reserved 1048576K
}
Event: 4.006 GC heap before
{Heap before GC invocations=8 (full 0):
 PSYoungGen      total 150016K, used 150011K [0x00000000d5980000, 0x00000000e9180000, 0x0000000100000000)
  eden space 131584K, 100% used [0x00000000d5980000,0x00000000dda00000,0x00000000dda00000)
  from space 18432K, 99% used [0x00000000dda00000,0x00000000debfec78,0x00000000dec00000)
  to   space 28160K, 0% used [0x00000000e7600000,0x00000000e7600000,0x00000000e9180000)
 ParOldGen       total 87552K, used 39451K [0x0000000080c00000, 0x0000000086180000, 0x00000000d5980000)
  object space 87552K, 45% used [0x0000000080c00000,0x0000000083286d68,0x0000000086180000)
 Metaspace       used 6818K, capacity 7384K, committed 7680K, reserved 1056768K
  class space    used 648K, capacity 656K, committed 768K, reserved 1048576K
Event: 4.052 GC heap after
Heap after GC invocations=8 (full 0):
 PSYoungGen      total 282112K, used 28128K [0x00000000d5980000, 0x00000000ea380000, 0x0000000100000000)
  eden space 253952K, 0% used [0x00000000d5980000,0x00000000d5980000,0x00000000e5180000)
  from space 28160K, 99% used [0x00000000e7600000,0x00000000e91782e8,0x00000000e9180000)
  to   space 37376K, 0% used [0x00000000e5180000,0x00000000e5180000,0x00000000e7600000)
 ParOldGen       total 87552K, used 49750K [0x0000000080c00000, 0x0000000086180000, 0x00000000d5980000)
  object space 87552K, 56% used [0x0000000080c00000,0x0000000083c95a88,0x0000000086180000)
 Metaspace       used 6818K, capacity 7384K, committed 7680K, reserved 1056768K
  class space    used 648K, capacity 656K, committed 768K, reserved 1048576K
}
Event: 5.094 GC heap before
{Heap before GC invocations=9 (full 0):
 PSYoungGen      total 282112K, used 282080K [0x00000000d5980000, 0x00000000ea380000, 0x0000000100000000)
  eden space 253952K, 100% used [0x00000000d5980000,0x00000000e5180000,0x00000000e5180000)
  from space 28160K, 99% used [0x00000000e7600000,0x00000000e91782e8,0x00000000e9180000)
  to   space 37376K, 0% used [0x00000000e5180000,0x00000000e5180000,0x00000000e7600000)
 ParOldGen       total 87552K, used 49750K [0x0000000080c00000, 0x0000000086180000, 0x00000000d5980000)
  object space 87552K, 56% used [0x0000000080c00000,0x0000000083c95a88,0x0000000086180000)
 Metaspace       used 6831K, capacity 7384K, committed 7680K, reserved 1056768K
  class space    used 648K, capacity 656K, committed 768K, reserved 1048576K
Event: 5.180 GC heap after
Heap after GC invocations=9 (full 0):
 PSYoungGen      total 291328K, used 37354K [0x00000000d5980000, 0x00000000f4f80000, 0x0000000100000000)
  eden space 253952K, 0% used [0x00000000d5980000,0x00000000d5980000,0x00000000e5180000)
  from space 37376K, 99% used [0x00000000e5180000,0x00000000e75fa9e0,0x00000000e7600000)
  to   space 53760K, 0% used [0x00000000f1b00000,0x00000000f1b00000,0x00000000f4f80000)
 ParOldGen       total 87552K, used 75835K [0x0000000080c00000, 0x0000000086180000, 0x00000000d5980000)
  object space 87552K, 86% used [0x0000000080c00000,0x000000008560ed40,0x0000000086180000)
 Metaspace       used 6831K, capacity 7384K, committed 7680K, reserved 1056768K
  class space    used 648K, capacity 656K, committed 768K, reserved 1048576K
}
Event: 5.180 GC heap before
{Heap before GC invocations=10 (full 1):
 PSYoungGen      total 291328K, used 37354K [0x00000000d5980000, 0x00000000f4f80000, 0x0000000100000000)
  eden space 253952K, 0% used [0x00000000d5980000,0x00000000d5980000,0x00000000e5180000)
  from space 37376K, 99% used [0x00000000e5180000,0x00000000e75fa9e0,0x00000000e7600000)
  to   space 53760K, 0% used [0x00000000f1b00000,0x00000000f1b00000,0x00000000f4f80000)
 ParOldGen       total 87552K, used 75835K [0x0000000080c00000, 0x0000000086180000, 0x00000000d5980000)
  object space 87552K, 86% used [0x0000000080c00000,0x000000008560ed40,0x0000000086180000)
 Metaspace       used 6831K, capacity 7384K, committed 7680K, reserved 1056768K
  class space    used 648K, capacity 656K, committed 768K, reserved 1048576K
Event: 5.868 GC heap after
Heap after GC invocations=10 (full 1):
 PSYoungGen      total 291328K, used 21325K [0x00000000d5980000, 0x00000000f4f80000, 0x0000000100000000)
  eden space 253952K, 0% used [0x00000000d5980000,0x00000000d5980000,0x00000000e5180000)
  from space 37376K, 57% used [0x00000000e5180000,0x00000000e6653788,0x00000000e7600000)
  to   space 53760K, 0% used [0x00000000f1b00000,0x00000000f1b00000,0x00000000f4f80000)
 ParOldGen       total 165376K, used 87139K [0x0000000080c00000, 0x000000008ad80000, 0x00000000d5980000)
  object space 165376K, 52% used [0x0000000080c00000,0x0000000086118fc0,0x000000008ad80000)
 Metaspace       used 6831K, capacity 7384K, committed 7680K, reserved 1056768K
  class space    used 648K, capacity 656K, committed 768K, reserved 1048576K
}

