# JRE version: Java(TM) SE Runtime Environment (8.0_152-b16) (build 1.8.0_152-b16)
# Java VM: Java HotSpot(TM) 64-Bit Server VM (25.152-b16 mixed mode windows-amd64 compressed oops)
Heap:
 PSYoungGen      total 535552K, used 208464K [0x00000000d5980000, 0x0000000100000000, 0x0000000100000000)
  eden space 442880K, 26% used [0x00000000d5980000,0x00000000dca953c0,0x00000000f0a00000)
  from space 92672K, 99% used [0x00000000f7d00000,0x00000000fd77efd0,0x00000000fd780000)
  to   space 117760K, 0% used [0x00000000f0a00000,0x00000000f0a00000,0x00000000f7d00000)
 ParOldGen       total 312320K, used 185074K [0x0000000080c00000, 0x0000000093d00000, 0x00000000d5980000)
  object space 312320K, 59% used [0x0000000080c00000,0x000000008c0bcb70,0x0000000093d00000)
 Metaspace       used 6896K, capacity 7384K, committed 7680K, reserved 1056768K
  class space    used 649K, capacity 656K, committed 768K, reserved 1048576K
GC Heap History (10 events):
Event: 7.725 GC heap before
{Heap before GC invocations=8 (full 1):
 PSYoungGen      total 292864K, used 31730K [0x00000000d5980000, 0x00000000fbf80000, 0x0000000100000000)
  eden space 261120K, 0% used [0x00000000d5980000,0x00000000d5980000,0x00000000e5880000)
  from space 31744K, 99% used [0x00000000e5880000,0x00000000e777caa8,0x00000000e7780000)
  to   space 53248K, 0% used [0x00000000f8b80000,0x00000000f8b80000,0x00000000fbf80000)
 ParOldGen       total 87552K, used 74506K [0x0000000080c00000, 0x0000000086180000, 0x00000000d5980000)
  object space 87552K, 85% used [0x0000000080c00000,0x00000000854c2800,0x0000000086180000)
 Metaspace       used 6829K, capacity 7384K, committed 7680K, reserved 1056768K
  class space    used 648K, capacity 656K, committed 768K, reserved 1048576K
Event: 8.589 GC heap after
Heap after GC invocations=8 (full 1):
 PSYoungGen      total 292864K, used 15811K [0x00000000d5980000, 0x00000000fbf80000, 0x0000000100000000)
  eden space 261120K, 0% used [0x00000000d5980000,0x00000000d5980000,0x00000000e5880000)
  from space 31744K, 49% used [0x00000000e5880000,0x00000000e67f0f28,0x00000000e7780000)
  to   space 53248K, 0% used [0x00000000f8b80000,0x00000000f8b80000,0x00000000fbf80000)
 ParOldGen       total 174080K, used 87110K [0x0000000080c00000, 0x000000008b600000, 0x00000000d5980000)
  object space 174080K, 50% used [0x0000000080c00000,0x00000000861119f8,0x000000008b600000)
 Metaspace       used 6829K, capacity 7384K, committed 7680K, reserved 1056768K
  class space    used 648K, capacity 656K, committed 768K, reserved 1048576K
}
Event: 9.681 GC heap before
{Heap before GC invocations=9 (full 1):
 PSYoungGen      total 292864K, used 276931K [0x00000000d5980000, 0x00000000fbf80000, 0x0000000100000000)
  eden space 261120K, 100% used [0x00000000d5980000,0x00000000e5880000,0x00000000e5880000)
  from space 31744K, 49% used [0x00000000e5880000,0x00000000e67f0f28,0x00000000e7780000)
  to   space 53248K, 0% used [0x00000000f8b80000,0x00000000f8b80000,0x00000000fbf80000)
 ParOldGen       total 174080K, used 87110K [0x0000000080c00000, 0x000000008b600000, 0x00000000d5980000)
  object space 174080K, 50% used [0x0000000080c00000,0x00000000861119f8,0x000000008b600000)
 Metaspace       used 6866K, capacity 7384K, committed 7680K, reserved 1056768K
  class space    used 649K, capacity 656K, committed 768K, reserved 1048576K
Event: 9.815 GC heap after
Heap after GC invocations=9 (full 1):
 PSYoungGen      total 408576K, used 53231K [0x00000000d5980000, 0x00000000fbf80000, 0x0000000100000000)
  eden space 355328K, 0% used [0x00000000d5980000,0x00000000d5980000,0x00000000eb480000)
  from space 53248K, 99% used [0x00000000f8b80000,0x00000000fbf7bd70,0x00000000fbf80000)
  to   space 68096K, 0% used [0x00000000f3a80000,0x00000000f3a80000,0x00000000f7d00000)
 ParOldGen       total 174080K, used 99522K [0x0000000080c00000, 0x000000008b600000, 0x00000000d5980000)
  object space 174080K, 57% used [0x0000000080c00000,0x0000000086d30960,0x000000008b600000)
 Metaspace       used 6866K, capacity 7384K, committed 7680K, reserved 1056768K
  class space    used 649K, capacity 656K, committed 768K, reserved 1048576K
}
Event: 10.624 GC heap before
{Heap before GC invocations=10 (full 1):
 PSYoungGen      total 408576K, used 408559K [0x00000000d5980000, 0x00000000fbf80000, 0x0000000100000000)
  eden space 355328K, 100% used [0x00000000d5980000,0x00000000eb480000,0x00000000eb480000)
  from space 53248K, 99% used [0x00000000f8b80000,0x00000000fbf7bd70,0x00000000fbf80000)
  to   space 68096K, 0% used [0x00000000f3a80000,0x00000000f3a80000,0x00000000f7d00000)
 ParOldGen       total 174080K, used 99522K [0x0000000080c00000, 0x000000008b600000, 0x00000000d5980000)
  object space 174080K, 57% used [0x0000000080c00000,0x0000000086d30960,0x000000008b600000)
 Metaspace       used 6882K, capacity 7384K, committed 7680K, reserved 1056768K
  class space    used 649K, capacity 656K, committed 768K, reserved 1048576K
Event: 10.809 GC heap after
Heap after GC invocations=10 (full 1):
 PSYoungGen      total 523776K, used 68089K [0x00000000d5980000, 0x00000000fd780000, 0x0000000100000000)
  eden space 455680K, 0% used [0x00000000d5980000,0x00000000d5980000,0x00000000f1680000)
  from space 68096K, 99% used [0x00000000f3a80000,0x00000000f7cfe4e0,0x00000000f7d00000)
  to   space 92672K, 0% used [0x00000000f7d00000,0x00000000f7d00000,0x00000000fd780000)
 ParOldGen       total 174080K, used 145979K [0x0000000080c00000, 0x000000008b600000, 0x00000000d5980000)
  object space 174080K, 83% used [0x0000000080c00000,0x0000000089a8ec60,0x000000008b600000)
 Metaspace       used 6882K, capacity 7384K, committed 7680K, reserved 1056768K
  class space    used 649K, capacity 656K, committed 768K, reserved 1048576K
}
Event: 10.809 GC heap before
{Heap before GC invocations=11 (full 2):
 PSYoungGen      total 523776K, used 68089K [0x00000000d5980000, 0x00000000fd780000, 0x0000000100000000)
  eden space 455680K, 0% used [0x00000000d5980000,0x00000000d5980000,0x00000000f1680000)
  from space 68096K, 99% used [0x00000000f3a80000,0x00000000f7cfe4e0,0x00000000f7d00000)
  to   space 92672K, 0% used [0x00000000f7d00000,0x00000000f7d00000,0x00000000fd780000)
 ParOldGen       total 174080K, used 145979K [0x0000000080c00000, 0x000000008b600000, 0x00000000d5980000)
  object space 174080K, 83% used [0x0000000080c00000,0x0000000089a8ec60,0x000000008b600000)
 Metaspace       used 6882K, capacity 7384K, committed 7680K, reserved 1056768K
  class space    used 649K, capacity 656K, committed 768K, reserved 1048576K
Event: 12.214 GC heap after
Heap after GC invocations=11 (full 2):
 PSYoungGen      total 523776K, used 33480K [0x00000000d5980000, 0x00000000fd780000, 0x0000000100000000)
  eden space 455680K, 0% used [0x00000000d5980000,0x00000000d5980000,0x00000000f1680000)
  from space 68096K, 49% used [0x00000000f3a80000,0x00000000f5b32308,0x00000000f7d00000)
  to   space 92672K, 0% used [0x00000000f7d00000,0x00000000f7d00000,0x00000000fd780000)
 ParOldGen       total 312320K, used 173977K [0x0000000080c00000, 0x0000000093d00000, 0x00000000d5980000)
  object space 312320K, 55% used [0x0000000080c00000,0x000000008b5e6678,0x0000000093d00000)
 Metaspace       used 6882K, capacity 7384K, committed 7680K, reserved 1056768K
  class space    used 649K, capacity 656K, committed 768K, reserved 1048576K
}
Event: 13.315 GC heap before
{Heap before GC invocations=12 (full 2):
 PSYoungGen      total 523776K, used 489160K [0x00000000d5980000, 0x00000000fd780000, 0x0000000100000000)
  eden space 455680K, 100% used [0x00000000d5980000,0x00000000f1680000,0x00000000f1680000)
  from space 68096K, 49% used [0x00000000f3a80000,0x00000000f5b32308,0x00000000f7d00000)
  to   space 92672K, 0% used [0x00000000f7d00000,0x00000000f7d00000,0x00000000fd780000)
 ParOldGen       total 312320K, used 173977K [0x0000000080c00000, 0x0000000093d00000, 0x00000000d5980000)
  object space 312320K, 55% used [0x0000000080c00000,0x000000008b5e6678,0x0000000093d00000)
 Metaspace       used 6896K, capacity 7384K, committed 7680K, reserved 1056768K
  class space    used 649K, capacity 656K, committed 768K, reserved 1048576K
Event: 13.499 GC heap after
Heap after GC invocations=12 (full 2):
 PSYoungGen      total 535552K, used 92667K [0x00000000d5980000, 0x0000000100000000, 0x0000000100000000)
  eden space 442880K, 0% used [0x00000000d5980000,0x00000000d5980000,0x00000000f0a00000)
  from space 92672K, 99% used [0x00000000f7d00000,0x00000000fd77efd0,0x00000000fd780000)
  to   space 117760K, 0% used [0x00000000f0a00000,0x00000000f0a00000,0x00000000f7d00000)
 ParOldGen       total 312320K, used 185074K [0x0000000080c00000, 0x0000000093d00000, 0x00000000d5980000)
  object space 312320K, 59% used [0x0000000080c00000,0x000000008c0bcb70,0x0000000093d00000)
 Metaspace       used 6896K, capacity 7384K, committed 7680K, reserved 1056768K
  class space    used 649K, capacity 656K, committed 768K, reserved 1048576K
}

