# JRE version: Java(TM) SE Runtime Environment (8.0_191-b12) (build 1.8.0_191-b12)
# Java VM: Java HotSpot(TM) 64-Bit Server VM (25.191-b12 mixed mode windows-amd64 compressed oops)
Heap:
 PSYoungGen      total 62976K, used 40001K [0x000000076b700000, 0x0000000771b80000, 0x00000007c0000000)
  eden space 28160K, 65% used [0x000000076b700000,0x000000076c91e510,0x000000076d280000)
  from space 34816K, 61% used [0x000000076d280000,0x000000076e772018,0x000000076f480000)
  to   space 35840K, 0% used [0x000000076f880000,0x000000076f880000,0x0000000771b80000)
 ParOldGen       total 52224K, used 34762K [0x00000006c2400000, 0x00000006c5700000, 0x000000076b700000)
  object space 52224K, 66% used [0x00000006c2400000,0x00000006c45f2bd8,0x00000006c5700000)
 Metaspace       used 9600K, capacity 10080K, committed 10368K, reserved 1058816K
  class space    used 1009K, capacity 1044K, committed 1152K, reserved 1048576K
GC Heap History (10 events):
Event: 3.657 GC heap before
{Heap before GC invocations=22 (full 4):
 PSYoungGen      total 45568K, used 39624K [0x000000076b700000, 0x000000076ff80000, 0x00000007c0000000)
  eden space 25600K, 100% used [0x000000076b700000,0x000000076d000000,0x000000076d000000)
  from space 19968K, 70% used [0x000000076d000000,0x000000076ddb2260,0x000000076e380000)
  to   space 22016K, 0% used [0x000000076ea00000,0x000000076ea00000,0x000000076ff80000)
 ParOldGen       total 34304K, used 22227K [0x00000006c2400000, 0x00000006c4580000, 0x000000076b700000)
  object space 34304K, 64% used [0x00000006c2400000,0x00000006c39b4ff0,0x00000006c4580000)
 Metaspace       used 7710K, capacity 8532K, committed 8704K, reserved 1056768K
  class space    used 893K, capacity 912K, committed 1024K, reserved 1048576K
Event: 3.677 GC heap after
Heap after GC invocations=22 (full 4):
 PSYoungGen      total 48640K, used 21988K [0x000000076b700000, 0x0000000770580000, 0x00000007c0000000)
  eden space 26624K, 0% used [0x000000076b700000,0x000000076b700000,0x000000076d100000)
  from space 22016K, 99% used [0x000000076ea00000,0x000000076ff79180,0x000000076ff80000)
  to   space 25600K, 0% used [0x000000076d100000,0x000000076d100000,0x000000076ea00000)
 ParOldGen       total 34304K, used 22350K [0x00000006c2400000, 0x00000006c4580000, 0x000000076b700000)
  object space 34304K, 65% used [0x00000006c2400000,0x00000006c39d3b90,0x00000006c4580000)
 Metaspace       used 7710K, capacity 8532K, committed 8704K, reserved 1056768K
  class space    used 893K, capacity 912K, committed 1024K, reserved 1048576K
}
Event: 4.395 GC heap before
{Heap before GC invocations=23 (full 4):
 PSYoungGen      total 48640K, used 48612K [0x000000076b700000, 0x0000000770580000, 0x00000007c0000000)
  eden space 26624K, 100% used [0x000000076b700000,0x000000076d100000,0x000000076d100000)
  from space 22016K, 99% used [0x000000076ea00000,0x000000076ff79180,0x000000076ff80000)
  to   space 25600K, 0% used [0x000000076d100000,0x000000076d100000,0x000000076ea00000)
 ParOldGen       total 34304K, used 22350K [0x00000006c2400000, 0x00000006c4580000, 0x000000076b700000)
  object space 34304K, 65% used [0x00000006c2400000,0x00000006c39d3b90,0x00000006c4580000)
 Metaspace       used 7992K, capacity 8788K, committed 8960K, reserved 1056768K
  class space    used 900K, capacity 912K, committed 1024K, reserved 1048576K
Event: 4.448 GC heap after
Heap after GC invocations=23 (full 4):
 PSYoungGen      total 52224K, used 25579K [0x000000076b700000, 0x0000000771400000, 0x00000007c0000000)
  eden space 26624K, 0% used [0x000000076b700000,0x000000076b700000,0x000000076d100000)
  from space 25600K, 99% used [0x000000076d100000,0x000000076e9facd8,0x000000076ea00000)
  to   space 32256K, 0% used [0x000000076f480000,0x000000076f480000,0x0000000771400000)
 ParOldGen       total 34304K, used 28741K [0x00000006c2400000, 0x00000006c4580000, 0x000000076b700000)
  object space 34304K, 83% used [0x00000006c2400000,0x00000006c4011770,0x00000006c4580000)
 Metaspace       used 7992K, capacity 8788K, committed 8960K, reserved 1056768K
  class space    used 900K, capacity 912K, committed 1024K, reserved 1048576K
}
Event: 7.186 GC heap before
{Heap before GC invocations=24 (full 4):
 PSYoungGen      total 52224K, used 52203K [0x000000076b700000, 0x0000000771400000, 0x00000007c0000000)
  eden space 26624K, 100% used [0x000000076b700000,0x000000076d100000,0x000000076d100000)
  from space 25600K, 99% used [0x000000076d100000,0x000000076e9facd8,0x000000076ea00000)
  to   space 32256K, 0% used [0x000000076f480000,0x000000076f480000,0x0000000771400000)
 ParOldGen       total 34304K, used 28741K [0x00000006c2400000, 0x00000006c4580000, 0x000000076b700000)
  object space 34304K, 83% used [0x00000006c2400000,0x00000006c4011770,0x00000006c4580000)
 Metaspace       used 9138K, capacity 9696K, committed 9856K, reserved 1058816K
  class space    used 1009K, capacity 1044K, committed 1152K, reserved 1048576K
Event: 7.239 GC heap after
Heap after GC invocations=24 (full 4):
 PSYoungGen      total 60416K, used 24498K [0x000000076b700000, 0x0000000771880000, 0x00000007c0000000)
  eden space 28160K, 0% used [0x000000076b700000,0x000000076b700000,0x000000076d280000)
  from space 32256K, 75% used [0x000000076f480000,0x0000000770c6c990,0x0000000771400000)
  to   space 34816K, 0% used [0x000000076d280000,0x000000076d280000,0x000000076f480000)
 ParOldGen       total 34816K, used 34376K [0x00000006c2400000, 0x00000006c4600000, 0x000000076b700000)
  object space 34816K, 98% used [0x00000006c2400000,0x00000006c4592068,0x00000006c4600000)
 Metaspace       used 9138K, capacity 9696K, committed 9856K, reserved 1058816K
  class space    used 1009K, capacity 1044K, committed 1152K, reserved 1048576K
}
Event: 7.239 GC heap before
{Heap before GC invocations=25 (full 5):
 PSYoungGen      total 60416K, used 24498K [0x000000076b700000, 0x0000000771880000, 0x00000007c0000000)
  eden space 28160K, 0% used [0x000000076b700000,0x000000076b700000,0x000000076d280000)
  from space 32256K, 75% used [0x000000076f480000,0x0000000770c6c990,0x0000000771400000)
  to   space 34816K, 0% used [0x000000076d280000,0x000000076d280000,0x000000076f480000)
 ParOldGen       total 34816K, used 34376K [0x00000006c2400000, 0x00000006c4600000, 0x000000076b700000)
  object space 34816K, 98% used [0x00000006c2400000,0x00000006c4592068,0x00000006c4600000)
 Metaspace       used 9138K, capacity 9696K, committed 9856K, reserved 1058816K
  class space    used 1009K, capacity 1044K, committed 1152K, reserved 1048576K
Event: 7.623 GC heap after
Heap after GC invocations=25 (full 5):
 PSYoungGen      total 60416K, used 21273K [0x000000076b700000, 0x0000000771880000, 0x00000007c0000000)
  eden space 28160K, 0% used [0x000000076b700000,0x000000076b700000,0x000000076d280000)
  from space 32256K, 65% used [0x000000076f480000,0x0000000770946610,0x0000000771400000)
  to   space 34816K, 0% used [0x000000076d280000,0x000000076d280000,0x000000076f480000)
 ParOldGen       total 52224K, used 34762K [0x00000006c2400000, 0x00000006c5700000, 0x000000076b700000)
  object space 52224K, 66% used [0x00000006c2400000,0x00000006c45f2bd8,0x00000006c5700000)
 Metaspace       used 9138K, capacity 9696K, committed 9856K, reserved 1058816K
  class space    used 1009K, capacity 1044K, committed 1152K, reserved 1048576K
}
Event: 10.340 GC heap before
{Heap before GC invocations=26 (full 5):
 PSYoungGen      total 60416K, used 49433K [0x000000076b700000, 0x0000000771880000, 0x00000007c0000000)
  eden space 28160K, 100% used [0x000000076b700000,0x000000076d280000,0x000000076d280000)
  from space 32256K, 65% used [0x000000076f480000,0x0000000770946610,0x0000000771400000)
  to   space 34816K, 0% used [0x000000076d280000,0x000000076d280000,0x000000076f480000)
 ParOldGen       total 52224K, used 34762K [0x00000006c2400000, 0x00000006c5700000, 0x000000076b700000)
  object space 52224K, 66% used [0x00000006c2400000,0x00000006c45f2bd8,0x00000006c5700000)
 Metaspace       used 9405K, capacity 9888K, committed 10112K, reserved 1058816K
  class space    used 1009K, capacity 1044K, committed 1152K, reserved 1048576K
Event: 10.368 GC heap after
Heap after GC invocations=26 (full 5):
 PSYoungGen      total 62976K, used 21448K [0x000000076b700000, 0x0000000771b80000, 0x00000007c0000000)
  eden space 28160K, 0% used [0x000000076b700000,0x000000076b700000,0x000000076d280000)
  from space 34816K, 61% used [0x000000076d280000,0x000000076e772018,0x000000076f480000)
  to   space 35840K, 0% used [0x000000076f880000,0x000000076f880000,0x0000000771b80000)
 ParOldGen       total 52224K, used 34762K [0x00000006c2400000, 0x00000006c5700000, 0x000000076b700000)
  object space 52224K, 66% used [0x00000006c2400000,0x00000006c45f2bd8,0x00000006c5700000)
 Metaspace       used 9405K, capacity 9888K, committed 10112K, reserved 1058816K
  class space    used 1009K, capacity 1044K, committed 1152K, reserved 1048576K
}

