# JRE version: Java(TM) SE Runtime Environment (8.0_191-b12) (build 1.8.0_191-b12)
# Java VM: Java HotSpot(TM) 64-Bit Server VM (25.191-b12 mixed mode windows-amd64 compressed oops)
Heap:
 PSYoungGen      total 203776K, used 93943K [0x00000000eab00000, 0x0000000100000000, 0x0000000100000000)
  eden space 144384K, 49% used [0x00000000eab00000,0x00000000ef0b2ab0,0x00000000f3800000)
  from space 59392K, 38% used [0x00000000fc600000,0x00000000fdc0b168,0x0000000100000000)
  to   space 102400K, 0% used [0x00000000f3800000,0x00000000f3800000,0x00000000f9c00000)
 ParOldGen       total 332288K, used 173262K [0x00000000c0000000, 0x00000000d4480000, 0x00000000eab00000)
  object space 332288K, 52% used [0x00000000c0000000,0x00000000ca933978,0x00000000d4480000)
 Metaspace       used 6788K, capacity 7384K, committed 7680K, reserved 1056768K
  class space    used 632K, capacity 656K, committed 768K, reserved 1048576K
GC Heap History (10 events):
Event: 7.716 GC heap before
{Heap before GC invocations=5 (full 0):
 PSYoungGen      total 270848K, used 270816K [0x00000000eab00000, 0x00000000fbe00000, 0x0000000100000000)
  eden space 260096K, 100% used [0x00000000eab00000,0x00000000fa900000,0x00000000fa900000)
  from space 10752K, 99% used [0x00000000fb380000,0x00000000fbdf8020,0x00000000fbe00000)
  to   space 10752K, 0% used [0x00000000fa900000,0x00000000fa900000,0x00000000fb380000)
 ParOldGen       total 173568K, used 45742K [0x00000000c0000000, 0x00000000ca980000, 0x00000000eab00000)
  object space 173568K, 26% used [0x00000000c0000000,0x00000000c2caba28,0x00000000ca980000)
 Metaspace       used 6710K, capacity 7384K, committed 7680K, reserved 1056768K
  class space    used 631K, capacity 656K, committed 768K, reserved 1048576K
Event: 7.867 GC heap after
Heap after GC invocations=5 (full 0):
 PSYoungGen      total 270848K, used 10736K [0x00000000eab00000, 0x0000000100000000, 0x0000000100000000)
  eden space 260096K, 0% used [0x00000000eab00000,0x00000000eab00000,0x00000000fa900000)
  from space 10752K, 99% used [0x00000000fa900000,0x00000000fb37c030,0x00000000fb380000)
  to   space 50688K, 0% used [0x00000000fce80000,0x00000000fce80000,0x0000000100000000)
 ParOldGen       total 173568K, used 81717K [0x00000000c0000000, 0x00000000ca980000, 0x00000000eab00000)
  object space 173568K, 47% used [0x00000000c0000000,0x00000000c4fcd660,0x00000000ca980000)
 Metaspace       used 6710K, capacity 7384K, committed 7680K, reserved 1056768K
  class space    used 631K, capacity 656K, committed 768K, reserved 1048576K
}
Event: 9.895 GC heap before
{Heap before GC invocations=6 (full 0):
 PSYoungGen      total 270848K, used 270832K [0x00000000eab00000, 0x0000000100000000, 0x0000000100000000)
  eden space 260096K, 100% used [0x00000000eab00000,0x00000000fa900000,0x00000000fa900000)
  from space 10752K, 99% used [0x00000000fa900000,0x00000000fb37c030,0x00000000fb380000)
  to   space 50688K, 0% used [0x00000000fce80000,0x00000000fce80000,0x0000000100000000)
 ParOldGen       total 173568K, used 81717K [0x00000000c0000000, 0x00000000ca980000, 0x00000000eab00000)
  object space 173568K, 47% used [0x00000000c0000000,0x00000000c4fcd780,0x00000000ca980000)
 Metaspace       used 6765K, capacity 7384K, committed 7680K, reserved 1056768K
  class space    used 632K, capacity 656K, committed 768K, reserved 1048576K
Event: 10.103 GC heap after
Heap after GC invocations=6 (full 0):
 PSYoungGen      total 281088K, used 49292K [0x00000000eab00000, 0x0000000100000000, 0x0000000100000000)
  eden space 230400K, 0% used [0x00000000eab00000,0x00000000eab00000,0x00000000f8c00000)
  from space 50688K, 97% used [0x00000000fce80000,0x00000000ffea32c8,0x0000000100000000)
  to   space 59392K, 0% used [0x00000000f8c00000,0x00000000f8c00000,0x00000000fc600000)
 ParOldGen       total 173568K, used 81725K [0x00000000c0000000, 0x00000000ca980000, 0x00000000eab00000)
  object space 173568K, 47% used [0x00000000c0000000,0x00000000c4fcf780,0x00000000ca980000)
 Metaspace       used 6765K, capacity 7384K, committed 7680K, reserved 1056768K
  class space    used 632K, capacity 656K, committed 768K, reserved 1048576K
}
Event: 11.508 GC heap before
{Heap before GC invocations=7 (full 0):
 PSYoungGen      total 281088K, used 279692K [0x00000000eab00000, 0x0000000100000000, 0x0000000100000000)
  eden space 230400K, 100% used [0x00000000eab00000,0x00000000f8c00000,0x00000000f8c00000)
  from space 50688K, 97% used [0x00000000fce80000,0x00000000ffea32c8,0x0000000100000000)
  to   space 59392K, 0% used [0x00000000f8c00000,0x00000000f8c00000,0x00000000fc600000)
 ParOldGen       total 173568K, used 81727K [0x00000000c0000000, 0x00000000ca980000, 0x00000000eab00000)
  object space 173568K, 47% used [0x00000000c0000000,0x00000000c4fcfdf0,0x00000000ca980000)
 Metaspace       used 6774K, capacity 7384K, committed 7680K, reserved 1056768K
  class space    used 632K, capacity 656K, committed 768K, reserved 1048576K
Event: 11.795 GC heap after
Heap after GC invocations=7 (full 0):
 PSYoungGen      total 289792K, used 59378K [0x00000000eab00000, 0x0000000100000000, 0x0000000100000000)
  eden space 230400K, 0% used [0x00000000eab00000,0x00000000eab00000,0x00000000f8c00000)
  from space 59392K, 99% used [0x00000000f8c00000,0x00000000fc5fc968,0x00000000fc600000)
  to   space 59392K, 0% used [0x00000000fc600000,0x00000000fc600000,0x0000000100000000)
 ParOldGen       total 173568K, used 111360K [0x00000000c0000000, 0x00000000ca980000, 0x00000000eab00000)
  object space 173568K, 64% used [0x00000000c0000000,0x00000000c6cc0150,0x00000000ca980000)
 Metaspace       used 6774K, capacity 7384K, committed 7680K, reserved 1056768K
  class space    used 632K, capacity 656K, committed 768K, reserved 1048576K
}
Event: 13.158 GC heap before
{Heap before GC invocations=8 (full 0):
 PSYoungGen      total 289792K, used 289778K [0x00000000eab00000, 0x0000000100000000, 0x0000000100000000)
  eden space 230400K, 100% used [0x00000000eab00000,0x00000000f8c00000,0x00000000f8c00000)
  from space 59392K, 99% used [0x00000000f8c00000,0x00000000fc5fc968,0x00000000fc600000)
  to   space 59392K, 0% used [0x00000000fc600000,0x00000000fc600000,0x0000000100000000)
 ParOldGen       total 173568K, used 111360K [0x00000000c0000000, 0x00000000ca980000, 0x00000000eab00000)
  object space 173568K, 64% used [0x00000000c0000000,0x00000000c6cc0150,0x00000000ca980000)
 Metaspace       used 6786K, capacity 7384K, committed 7680K, reserved 1056768K
  class space    used 632K, capacity 656K, committed 768K, reserved 1048576K
Event: 13.415 GC heap after
Heap after GC invocations=8 (full 0):
 PSYoungGen      total 203776K, used 59382K [0x00000000eab00000, 0x0000000100000000, 0x0000000100000000)
  eden space 144384K, 0% used [0x00000000eab00000,0x00000000eab00000,0x00000000f3800000)
  from space 59392K, 99% used [0x00000000fc600000,0x00000000ffffdbf8,0x0000000100000000)
  to   space 102400K, 0% used [0x00000000f3800000,0x00000000f3800000,0x00000000f9c00000)
 ParOldGen       total 173568K, used 144214K [0x00000000c0000000, 0x00000000ca980000, 0x00000000eab00000)
  object space 173568K, 83% used [0x00000000c0000000,0x00000000c8cd5a88,0x00000000ca980000)
 Metaspace       used 6786K, capacity 7384K, committed 7680K, reserved 1056768K
  class space    used 632K, capacity 656K, committed 768K, reserved 1048576K
}
Event: 13.415 GC heap before
{Heap before GC invocations=9 (full 1):
 PSYoungGen      total 203776K, used 59382K [0x00000000eab00000, 0x0000000100000000, 0x0000000100000000)
  eden space 144384K, 0% used [0x00000000eab00000,0x00000000eab00000,0x00000000f3800000)
  from space 59392K, 99% used [0x00000000fc600000,0x00000000ffffdbf8,0x0000000100000000)
  to   space 102400K, 0% used [0x00000000f3800000,0x00000000f3800000,0x00000000f9c00000)
 ParOldGen       total 173568K, used 144214K [0x00000000c0000000, 0x00000000ca980000, 0x00000000eab00000)
  object space 173568K, 83% used [0x00000000c0000000,0x00000000c8cd5a88,0x00000000ca980000)
 Metaspace       used 6786K, capacity 7384K, committed 7680K, reserved 1056768K
  class space    used 632K, capacity 656K, committed 768K, reserved 1048576K
Event: 17.886 GC heap after
Heap after GC invocations=9 (full 1):
 PSYoungGen      total 203776K, used 22572K [0x00000000eab00000, 0x0000000100000000, 0x0000000100000000)
  eden space 144384K, 0% used [0x00000000eab00000,0x00000000eab00000,0x00000000f3800000)
  from space 59392K, 38% used [0x00000000fc600000,0x00000000fdc0b168,0x0000000100000000)
  to   space 102400K, 0% used [0x00000000f3800000,0x00000000f3800000,0x00000000f9c00000)
 ParOldGen       total 332288K, used 173262K [0x00000000c0000000, 0x00000000d4480000, 0x00000000eab00000)
  object space 332288K, 52% used [0x00000000c0000000,0x00000000ca933978,0x00000000d4480000)
 Metaspace       used 6786K, capacity 7384K, committed 7680K, reserved 1056768K
  class space    used 632K, capacity 656K, committed 768K, reserved 1048576K
}

