# JRE version: Java(TM) SE Runtime Environment (8.0_152-b16) (build 1.8.0_152-b16)
# Java VM: Java HotSpot(TM) 64-Bit Server VM (25.152-b16 mixed mode windows-amd64 compressed oops)
Heap:
 PSYoungGen      total 559104K, used 69556K [0x00000000d5980000, 0x0000000100000000, 0x0000000100000000)
  eden space 446464K, 0% used [0x00000000d5980000,0x00000000d5980000,0x00000000f0d80000)
  from space 112640K, 61% used [0x00000000f0d80000,0x00000000f516d3e8,0x00000000f7b80000)
  to   space 115712K, 0% used [0x00000000f8f00000,0x00000000f8f00000,0x0000000100000000)
 ParOldGen       total 311808K, used 272138K [0x0000000080c00000, 0x0000000093c80000, 0x00000000d5980000)
  object space 311808K, 87% used [0x0000000080c00000,0x00000000915c2bc8,0x0000000093c80000)
 Metaspace       used 6882K, capacity 7384K, committed 7680K, reserved 1056768K
  class space    used 650K, capacity 656K, committed 768K, reserved 1048576K
GC Heap History (10 events):
Event: 7.910 GC heap after
Heap after GC invocations=9 (full 1):
 PSYoungGen      total 403456K, used 50670K [0x00000000d5980000, 0x00000000fbb80000, 0x0000000100000000)
  eden space 352768K, 0% used [0x00000000d5980000,0x00000000d5980000,0x00000000eb200000)
  from space 50688K, 99% used [0x00000000f8a00000,0x00000000fbb7bb98,0x00000000fbb80000)
  to   space 65536K, 0% used [0x00000000f3b80000,0x00000000f3b80000,0x00000000f7b80000)
 ParOldGen       total 173056K, used 100036K [0x0000000080c00000, 0x000000008b500000, 0x00000000d5980000)
  object space 173056K, 57% used [0x0000000080c00000,0x0000000086db11e8,0x000000008b500000)
 Metaspace       used 6844K, capacity 7384K, committed 7680K, reserved 1056768K
  class space    used 650K, capacity 656K, committed 768K, reserved 1048576K
}
Event: 9.177 GC heap before
{Heap before GC invocations=10 (full 1):
 PSYoungGen      total 403456K, used 403438K [0x00000000d5980000, 0x00000000fbb80000, 0x0000000100000000)
  eden space 352768K, 100% used [0x00000000d5980000,0x00000000eb200000,0x00000000eb200000)
  from space 50688K, 99% used [0x00000000f8a00000,0x00000000fbb7bb98,0x00000000fbb80000)
  to   space 65536K, 0% used [0x00000000f3b80000,0x00000000f3b80000,0x00000000f7b80000)
 ParOldGen       total 173056K, used 100036K [0x0000000080c00000, 0x000000008b500000, 0x00000000d5980000)
  object space 173056K, 57% used [0x0000000080c00000,0x0000000086db11e8,0x000000008b500000)
 Metaspace       used 6860K, capacity 7384K, committed 7680K, reserved 1056768K
  class space    used 650K, capacity 656K, committed 768K, reserved 1048576K
Event: 9.389 GC heap after
Heap after GC invocations=10 (full 1):
 PSYoungGen      total 509952K, used 65527K [0x00000000d5980000, 0x00000000fc580000, 0x0000000100000000)
  eden space 444416K, 0% used [0x00000000d5980000,0x00000000d5980000,0x00000000f0b80000)
  from space 65536K, 99% used [0x00000000f3b80000,0x00000000f7b7de70,0x00000000f7b80000)
  to   space 75776K, 0% used [0x00000000f7b80000,0x00000000f7b80000,0x00000000fc580000)
 ParOldGen       total 173056K, used 146270K [0x0000000080c00000, 0x000000008b500000, 0x00000000d5980000)
  object space 173056K, 84% used [0x0000000080c00000,0x0000000089ad7b28,0x000000008b500000)
 Metaspace       used 6860K, capacity 7384K, committed 7680K, reserved 1056768K
  class space    used 650K, capacity 656K, committed 768K, reserved 1048576K
}
Event: 9.389 GC heap before
{Heap before GC invocations=11 (full 2):
 PSYoungGen      total 509952K, used 65527K [0x00000000d5980000, 0x00000000fc580000, 0x0000000100000000)
  eden space 444416K, 0% used [0x00000000d5980000,0x00000000d5980000,0x00000000f0b80000)
  from space 65536K, 99% used [0x00000000f3b80000,0x00000000f7b7de70,0x00000000f7b80000)
  to   space 75776K, 0% used [0x00000000f7b80000,0x00000000f7b80000,0x00000000fc580000)
 ParOldGen       total 173056K, used 146270K [0x0000000080c00000, 0x000000008b500000, 0x00000000d5980000)
  object space 173056K, 84% used [0x0000000080c00000,0x0000000089ad7b28,0x000000008b500000)
 Metaspace       used 6860K, capacity 7384K, committed 7680K, reserved 1056768K
  class space    used 650K, capacity 656K, committed 768K, reserved 1048576K
Event: 10.619 GC heap after
Heap after GC invocations=11 (full 2):
 PSYoungGen      total 509952K, used 31976K [0x00000000d5980000, 0x00000000fc580000, 0x0000000100000000)
  eden space 444416K, 0% used [0x00000000d5980000,0x00000000d5980000,0x00000000f0b80000)
  from space 65536K, 48% used [0x00000000f3b80000,0x00000000f5aba198,0x00000000f7b80000)
  to   space 75776K, 0% used [0x00000000f7b80000,0x00000000f7b80000,0x00000000fc580000)
 ParOldGen       total 311808K, used 172962K [0x0000000080c00000, 0x0000000093c80000, 0x00000000d5980000)
  object space 311808K, 55% used [0x0000000080c00000,0x000000008b4e8a48,0x0000000093c80000)
 Metaspace       used 6860K, capacity 7384K, committed 7680K, reserved 1056768K
  class space    used 650K, capacity 656K, committed 768K, reserved 1048576K
}
Event: 12.442 GC heap before
{Heap before GC invocations=12 (full 2):
 PSYoungGen      total 509952K, used 476392K [0x00000000d5980000, 0x00000000fc580000, 0x0000000100000000)
  eden space 444416K, 100% used [0x00000000d5980000,0x00000000f0b80000,0x00000000f0b80000)
  from space 65536K, 48% used [0x00000000f3b80000,0x00000000f5aba198,0x00000000f7b80000)
  to   space 75776K, 0% used [0x00000000f7b80000,0x00000000f7b80000,0x00000000fc580000)
 ParOldGen       total 311808K, used 172962K [0x0000000080c00000, 0x0000000093c80000, 0x00000000d5980000)
  object space 311808K, 55% used [0x0000000080c00000,0x000000008b4e8a48,0x0000000093c80000)
 Metaspace       used 6874K, capacity 7384K, committed 7680K, reserved 1056768K
  class space    used 650K, capacity 656K, committed 768K, reserved 1048576K
Event: 12.693 GC heap after
Heap after GC invocations=12 (full 2):
 PSYoungGen      total 522240K, used 75761K [0x00000000d5980000, 0x0000000100000000, 0x0000000100000000)
  eden space 446464K, 0% used [0x00000000d5980000,0x00000000d5980000,0x00000000f0d80000)
  from space 75776K, 99% used [0x00000000f7b80000,0x00000000fc57c500,0x00000000fc580000)
  to   space 112640K, 0% used [0x00000000f0d80000,0x00000000f0d80000,0x00000000f7b80000)
 ParOldGen       total 311808K, used 196149K [0x0000000080c00000, 0x0000000093c80000, 0x00000000d5980000)
  object space 311808K, 62% used [0x0000000080c00000,0x000000008cb8d590,0x0000000093c80000)
 Metaspace       used 6874K, capacity 7384K, committed 7680K, reserved 1056768K
  class space    used 650K, capacity 656K, committed 768K, reserved 1048576K
}
Event: 13.674 GC heap before
{Heap before GC invocations=13 (full 2):
 PSYoungGen      total 522240K, used 522225K [0x00000000d5980000, 0x0000000100000000, 0x0000000100000000)
  eden space 446464K, 100% used [0x00000000d5980000,0x00000000f0d80000,0x00000000f0d80000)
  from space 75776K, 99% used [0x00000000f7b80000,0x00000000fc57c500,0x00000000fc580000)
  to   space 112640K, 0% used [0x00000000f0d80000,0x00000000f0d80000,0x00000000f7b80000)
 ParOldGen       total 311808K, used 196149K [0x0000000080c00000, 0x0000000093c80000, 0x00000000d5980000)
  object space 311808K, 62% used [0x0000000080c00000,0x000000008cb8d590,0x0000000093c80000)
 Metaspace       used 6882K, capacity 7384K, committed 7680K, reserved 1056768K
  class space    used 650K, capacity 656K, committed 768K, reserved 1048576K
Event: 13.912 GC heap after
Heap after GC invocations=13 (full 2):
 PSYoungGen      total 559104K, used 69556K [0x00000000d5980000, 0x0000000100000000, 0x0000000100000000)
  eden space 446464K, 0% used [0x00000000d5980000,0x00000000d5980000,0x00000000f0d80000)
  from space 112640K, 61% used [0x00000000f0d80000,0x00000000f516d3e8,0x00000000f7b80000)
  to   space 115712K, 0% used [0x00000000f8f00000,0x00000000f8f00000,0x0000000100000000)
 ParOldGen       total 311808K, used 272138K [0x0000000080c00000, 0x0000000093c80000, 0x00000000d5980000)
  object space 311808K, 87% used [0x0000000080c00000,0x00000000915c2bc8,0x0000000093c80000)
 Metaspace       used 6882K, capacity 7384K, committed 7680K, reserved 1056768K
  class space    used 650K, capacity 656K, committed 768K, reserved 1048576K
}
Event: 13.912 GC heap before
{Heap before GC invocations=14 (full 3):
 PSYoungGen      total 559104K, used 69556K [0x00000000d5980000, 0x0000000100000000, 0x0000000100000000)
  eden space 446464K, 0% used [0x00000000d5980000,0x00000000d5980000,0x00000000f0d80000)
  from space 112640K, 61% used [0x00000000f0d80000,0x00000000f516d3e8,0x00000000f7b80000)
  to   space 115712K, 0% used [0x00000000f8f00000,0x00000000f8f00000,0x0000000100000000)
 ParOldGen       total 311808K, used 272138K [0x0000000080c00000, 0x0000000093c80000, 0x00000000d5980000)
  object space 311808K, 87% used [0x0000000080c00000,0x00000000915c2bc8,0x0000000093c80000)
 Metaspace       used 6882K, capacity 7384K, committed 7680K, reserved 1056768K
  class space    used 650K, capacity 656K, committed 768K, reserved 1048576K

