# JRE version: Java(TM) SE Runtime Environment (8.0_191-b12) (build 1.8.0_191-b12)
# Java VM: Java HotSpot(TM) 64-Bit Server VM (25.191-b12 mixed mode windows-amd64 compressed oops)
Heap:
 PSYoungGen      total 34816K, used 16867K [0x000000076b700000, 0x000000076f480000, 0x00000007c0000000)
  eden space 20480K, 35% used [0x000000076b700000,0x000000076be12020,0x000000076cb00000)
  from space 14336K, 67% used [0x000000076dd80000,0x000000076e6e6d40,0x000000076eb80000)
  to   space 18944K, 0% used [0x000000076cb00000,0x000000076cb00000,0x000000076dd80000)
 ParOldGen       total 46080K, used 45679K [0x00000006c2400000, 0x00000006c5100000, 0x000000076b700000)
  object space 46080K, 99% used [0x00000006c2400000,0x00000006c509bfe0,0x00000006c5100000)
 Metaspace       used 8403K, capacity 9022K, committed 9216K, reserved 1056768K
  class space    used 951K, capacity 1010K, committed 1024K, reserved 1048576K
GC Heap History (10 events):
Event: 2.841 GC heap before
{Heap before GC invocations=21 (full 4):
 PSYoungGen      total 32768K, used 24895K [0x000000076b700000, 0x000000076e180000, 0x00000007c0000000)
  eden space 23040K, 98% used [0x000000076b700000,0x000000076cd256c8,0x000000076cd80000)
  from space 9728K, 22% used [0x000000076d700000,0x000000076d92a618,0x000000076e080000)
  to   space 9728K, 0% used [0x000000076cd80000,0x000000076cd80000,0x000000076d700000)
 ParOldGen       total 46080K, used 28707K [0x00000006c2400000, 0x00000006c5100000, 0x000000076b700000)
  object space 46080K, 62% used [0x00000006c2400000,0x00000006c4008fd0,0x00000006c5100000)
 Metaspace       used 7285K, capacity 8212K, committed 8448K, reserved 1056768K
  class space    used 877K, capacity 912K, committed 1024K, reserved 1048576K
Event: 2.849 GC heap after
Heap after GC invocations=21 (full 4):
 PSYoungGen      total 32768K, used 6297K [0x000000076b700000, 0x000000076e400000, 0x00000007c0000000)
  eden space 23040K, 0% used [0x000000076b700000,0x000000076b700000,0x000000076cd80000)
  from space 9728K, 64% used [0x000000076cd80000,0x000000076d3a6508,0x000000076d700000)
  to   space 10240K, 0% used [0x000000076da00000,0x000000076da00000,0x000000076e400000)
 ParOldGen       total 46080K, used 28707K [0x00000006c2400000, 0x00000006c5100000, 0x000000076b700000)
  object space 46080K, 62% used [0x00000006c2400000,0x00000006c4008fd0,0x00000006c5100000)
 Metaspace       used 7285K, capacity 8212K, committed 8448K, reserved 1056768K
  class space    used 877K, capacity 912K, committed 1024K, reserved 1048576K
}
Event: 4.797 GC heap before
{Heap before GC invocations=22 (full 4):
 PSYoungGen      total 32768K, used 29337K [0x000000076b700000, 0x000000076e400000, 0x00000007c0000000)
  eden space 23040K, 100% used [0x000000076b700000,0x000000076cd80000,0x000000076cd80000)
  from space 9728K, 64% used [0x000000076cd80000,0x000000076d3a6508,0x000000076d700000)
  to   space 10240K, 0% used [0x000000076da00000,0x000000076da00000,0x000000076e400000)
 ParOldGen       total 46080K, used 28707K [0x00000006c2400000, 0x00000006c5100000, 0x000000076b700000)
  object space 46080K, 62% used [0x00000006c2400000,0x00000006c4008fd0,0x00000006c5100000)
 Metaspace       used 7475K, capacity 8340K, committed 8704K, reserved 1056768K
  class space    used 883K, capacity 912K, committed 1024K, reserved 1048576K
Event: 4.808 GC heap after
Heap after GC invocations=22 (full 4):
 PSYoungGen      total 33280K, used 10210K [0x000000076b700000, 0x000000076e880000, 0x00000007c0000000)
  eden space 23040K, 0% used [0x000000076b700000,0x000000076b700000,0x000000076cd80000)
  from space 10240K, 99% used [0x000000076da00000,0x000000076e3f8818,0x000000076e400000)
  to   space 12800K, 0% used [0x000000076cd80000,0x000000076cd80000,0x000000076da00000)
 ParOldGen       total 46080K, used 31407K [0x00000006c2400000, 0x00000006c5100000, 0x000000076b700000)
  object space 46080K, 68% used [0x00000006c2400000,0x00000006c42abea0,0x00000006c5100000)
 Metaspace       used 7475K, capacity 8340K, committed 8704K, reserved 1056768K
  class space    used 883K, capacity 912K, committed 1024K, reserved 1048576K
}
Event: 5.393 GC heap before
{Heap before GC invocations=23 (full 4):
 PSYoungGen      total 33280K, used 33250K [0x000000076b700000, 0x000000076e880000, 0x00000007c0000000)
  eden space 23040K, 100% used [0x000000076b700000,0x000000076cd80000,0x000000076cd80000)
  from space 10240K, 99% used [0x000000076da00000,0x000000076e3f8818,0x000000076e400000)
  to   space 12800K, 0% used [0x000000076cd80000,0x000000076cd80000,0x000000076da00000)
 ParOldGen       total 46080K, used 31407K [0x00000006c2400000, 0x00000006c5100000, 0x000000076b700000)
  object space 46080K, 68% used [0x00000006c2400000,0x00000006c42abea0,0x00000006c5100000)
 Metaspace       used 7812K, capacity 8596K, committed 8960K, reserved 1056768K
  class space    used 898K, capacity 912K, committed 1024K, reserved 1048576K
Event: 5.426 GC heap after
Heap after GC invocations=23 (full 4):
 PSYoungGen      total 35840K, used 11221K [0x000000076b700000, 0x000000076eb80000, 0x00000007c0000000)
  eden space 23040K, 0% used [0x000000076b700000,0x000000076b700000,0x000000076cd80000)
  from space 12800K, 87% used [0x000000076cd80000,0x000000076d875440,0x000000076da00000)
  to   space 14336K, 0% used [0x000000076dd80000,0x000000076dd80000,0x000000076eb80000)
 ParOldGen       total 46080K, used 37423K [0x00000006c2400000, 0x00000006c5100000, 0x000000076b700000)
  object space 46080K, 81% used [0x00000006c2400000,0x00000006c488bf40,0x00000006c5100000)
 Metaspace       used 7812K, capacity 8596K, committed 8960K, reserved 1056768K
  class space    used 898K, capacity 912K, committed 1024K, reserved 1048576K
}
Event: 6.010 GC heap before
{Heap before GC invocations=24 (full 4):
 PSYoungGen      total 35840K, used 34261K [0x000000076b700000, 0x000000076eb80000, 0x00000007c0000000)
  eden space 23040K, 100% used [0x000000076b700000,0x000000076cd80000,0x000000076cd80000)
  from space 12800K, 87% used [0x000000076cd80000,0x000000076d875440,0x000000076da00000)
  to   space 14336K, 0% used [0x000000076dd80000,0x000000076dd80000,0x000000076eb80000)
 ParOldGen       total 46080K, used 37423K [0x00000006c2400000, 0x00000006c5100000, 0x000000076b700000)
  object space 46080K, 81% used [0x00000006c2400000,0x00000006c488bf40,0x00000006c5100000)
 Metaspace       used 8056K, capacity 8852K, committed 9216K, reserved 1056768K
  class space    used 902K, capacity 912K, committed 1024K, reserved 1048576K
Event: 6.040 GC heap after
Heap after GC invocations=24 (full 4):
 PSYoungGen      total 34816K, used 14316K [0x000000076b700000, 0x000000076f480000, 0x00000007c0000000)
  eden space 20480K, 0% used [0x000000076b700000,0x000000076b700000,0x000000076cb00000)
  from space 14336K, 99% used [0x000000076dd80000,0x000000076eb7b070,0x000000076eb80000)
  to   space 18944K, 0% used [0x000000076cb00000,0x000000076cb00000,0x000000076dd80000)
 ParOldGen       total 46080K, used 42899K [0x00000006c2400000, 0x00000006c5100000, 0x000000076b700000)
  object space 46080K, 93% used [0x00000006c2400000,0x00000006c4de4ff0,0x00000006c5100000)
 Metaspace       used 8056K, capacity 8852K, committed 9216K, reserved 1056768K
  class space    used 902K, capacity 912K, committed 1024K, reserved 1048576K
}
Event: 6.040 GC heap before
{Heap before GC invocations=25 (full 5):
 PSYoungGen      total 34816K, used 14316K [0x000000076b700000, 0x000000076f480000, 0x00000007c0000000)
  eden space 20480K, 0% used [0x000000076b700000,0x000000076b700000,0x000000076cb00000)
  from space 14336K, 99% used [0x000000076dd80000,0x000000076eb7b070,0x000000076eb80000)
  to   space 18944K, 0% used [0x000000076cb00000,0x000000076cb00000,0x000000076dd80000)
 ParOldGen       total 46080K, used 42899K [0x00000006c2400000, 0x00000006c5100000, 0x000000076b700000)
  object space 46080K, 93% used [0x00000006c2400000,0x00000006c4de4ff0,0x00000006c5100000)
 Metaspace       used 8056K, capacity 8852K, committed 9216K, reserved 1056768K
  class space    used 902K, capacity 912K, committed 1024K, reserved 1048576K
Event: 6.384 GC heap after
Heap after GC invocations=25 (full 5):
 PSYoungGen      total 34816K, used 9627K [0x000000076b700000, 0x000000076f480000, 0x00000007c0000000)
  eden space 20480K, 0% used [0x000000076b700000,0x000000076b700000,0x000000076cb00000)
  from space 14336K, 67% used [0x000000076dd80000,0x000000076e6e6d40,0x000000076eb80000)
  to   space 18944K, 0% used [0x000000076cb00000,0x000000076cb00000,0x000000076dd80000)
 ParOldGen       total 46080K, used 45679K [0x00000006c2400000, 0x00000006c5100000, 0x000000076b700000)
  object space 46080K, 99% used [0x00000006c2400000,0x00000006c509bfe0,0x00000006c5100000)
 Metaspace       used 8056K, capacity 8852K, committed 9216K, reserved 1056768K
  class space    used 902K, capacity 912K, committed 1024K, reserved 1048576K
}

