# JRE version: Java(TM) SE Runtime Environment (8.0_131-b11) (build 1.8.0_131-b11)
# Java VM: Java HotSpot(TM) 64-Bit Server VM (25.131-b11 mixed mode windows-amd64 compressed oops)
Heap:
 PSYoungGen      total 73728K, used 4061K [0x000000076b700000, 0x0000000772a00000, 0x00000007c0000000)
  eden space 32256K, 1% used [0x000000076b700000,0x000000076b7a0f40,0x000000076d680000)
  from space 41472K, 8% used [0x000000076d680000,0x000000076d9d64c8,0x000000076ff00000)
  to   space 40960K, 0% used [0x0000000770200000,0x0000000770200000,0x0000000772a00000)
 ParOldGen       total 120320K, used 85136K [0x00000006c2400000, 0x00000006c9980000, 0x000000076b700000)
  object space 120320K, 70% used [0x00000006c2400000,0x00000006c77241c0,0x00000006c9980000)
 Metaspace       used 9844K, capacity 10144K, committed 10368K, reserved 1058816K
  class space    used 1029K, capacity 1044K, committed 1152K, reserved 1048576K
GC Heap History (10 events):
Event: 7.441 GC heap before
{Heap before GC invocations=26 (full 6):
 PSYoungGen      total 53760K, used 25086K [0x000000076b700000, 0x0000000772100000, 0x00000007c0000000)
  eden space 28672K, 0% used [0x000000076b700000,0x000000076b700000,0x000000076d300000)
  from space 25088K, 99% used [0x000000076f500000,0x0000000770d7f9a8,0x0000000770d80000)
  to   space 34816K, 0% used [0x000000076d300000,0x000000076d300000,0x000000076f500000)
 ParOldGen       total 54272K, used 53412K [0x00000006c2400000, 0x00000006c5900000, 0x000000076b700000)
  object space 54272K, 98% used [0x00000006c2400000,0x00000006c58291f0,0x00000006c5900000)
 Metaspace       used 7973K, capacity 8628K, committed 8960K, reserved 1056768K
  class space    used 919K, capacity 944K, committed 1024K, reserved 1048576K
Event: 7.856 GC heap after
Heap after GC invocations=26 (full 6):
 PSYoungGen      total 53760K, used 22460K [0x000000076b700000, 0x0000000772100000, 0x00000007c0000000)
  eden space 28672K, 0% used [0x000000076b700000,0x000000076b700000,0x000000076d300000)
  from space 25088K, 89% used [0x000000076f500000,0x0000000770aef2b0,0x0000000770d80000)
  to   space 34816K, 0% used [0x000000076d300000,0x000000076d300000,0x000000076f500000)
 ParOldGen       total 78848K, used 54164K [0x00000006c2400000, 0x00000006c7100000, 0x000000076b700000)
  object space 78848K, 68% used [0x00000006c2400000,0x00000006c58e53b0,0x00000006c7100000)
 Metaspace       used 7973K, capacity 8628K, committed 8960K, reserved 1056768K
  class space    used 919K, capacity 944K, committed 1024K, reserved 1048576K
}
Event: 8.162 GC heap before
{Heap before GC invocations=27 (full 6):
 PSYoungGen      total 53760K, used 51132K [0x000000076b700000, 0x0000000772100000, 0x00000007c0000000)
  eden space 28672K, 100% used [0x000000076b700000,0x000000076d300000,0x000000076d300000)
  from space 25088K, 89% used [0x000000076f500000,0x0000000770aef2b0,0x0000000770d80000)
  to   space 34816K, 0% used [0x000000076d300000,0x000000076d300000,0x000000076f500000)
 ParOldGen       total 78848K, used 54164K [0x00000006c2400000, 0x00000006c7100000, 0x000000076b700000)
  object space 78848K, 68% used [0x00000006c2400000,0x00000006c58e53b0,0x00000006c7100000)
 Metaspace       used 8114K, capacity 8756K, committed 8960K, reserved 1056768K
  class space    used 919K, capacity 944K, committed 1024K, reserved 1048576K
Event: 8.211 GC heap after
Heap after GC invocations=27 (full 6):
 PSYoungGen      total 63488K, used 34810K [0x000000076b700000, 0x0000000772a00000, 0x00000007c0000000)
  eden space 28672K, 0% used [0x000000076b700000,0x000000076b700000,0x000000076d300000)
  from space 34816K, 99% used [0x000000076d300000,0x000000076f4feba0,0x000000076f500000)
  to   space 42496K, 0% used [0x0000000770080000,0x0000000770080000,0x0000000772a00000)
 ParOldGen       total 78848K, used 59765K [0x00000006c2400000, 0x00000006c7100000, 0x000000076b700000)
  object space 78848K, 75% used [0x00000006c2400000,0x00000006c5e5d480,0x00000006c7100000)
 Metaspace       used 8114K, capacity 8756K, committed 8960K, reserved 1056768K
  class space    used 919K, capacity 944K, committed 1024K, reserved 1048576K
}
Event: 11.506 GC heap before
{Heap before GC invocations=28 (full 6):
 PSYoungGen      total 63488K, used 63482K [0x000000076b700000, 0x0000000772a00000, 0x00000007c0000000)
  eden space 28672K, 100% used [0x000000076b700000,0x000000076d300000,0x000000076d300000)
  from space 34816K, 99% used [0x000000076d300000,0x000000076f4feba0,0x000000076f500000)
  to   space 42496K, 0% used [0x0000000770080000,0x0000000770080000,0x0000000772a00000)
 ParOldGen       total 78848K, used 59765K [0x00000006c2400000, 0x00000006c7100000, 0x000000076b700000)
  object space 78848K, 75% used [0x00000006c2400000,0x00000006c5e5d480,0x00000006c7100000)
 Metaspace       used 9435K, capacity 9824K, committed 10112K, reserved 1058816K
  class space    used 1029K, capacity 1044K, committed 1152K, reserved 1048576K
Event: 11.621 GC heap after
Heap after GC invocations=28 (full 6):
 PSYoungGen      total 72192K, used 6844K [0x000000076b700000, 0x0000000772780000, 0x00000007c0000000)
  eden space 32256K, 0% used [0x000000076b700000,0x000000076b700000,0x000000076d680000)
  from space 39936K, 17% used [0x0000000770080000,0x000000077072f110,0x0000000772780000)
  to   space 41472K, 0% used [0x000000076d680000,0x000000076d680000,0x000000076ff00000)
 ParOldGen       total 85504K, used 85196K [0x00000006c2400000, 0x00000006c7780000, 0x000000076b700000)
  object space 85504K, 99% used [0x00000006c2400000,0x00000006c7733000,0x00000006c7780000)
 Metaspace       used 9435K, capacity 9824K, committed 10112K, reserved 1058816K
  class space    used 1029K, capacity 1044K, committed 1152K, reserved 1048576K
}
Event: 11.622 GC heap before
{Heap before GC invocations=29 (full 7):
 PSYoungGen      total 72192K, used 6844K [0x000000076b700000, 0x0000000772780000, 0x00000007c0000000)
  eden space 32256K, 0% used [0x000000076b700000,0x000000076b700000,0x000000076d680000)
  from space 39936K, 17% used [0x0000000770080000,0x000000077072f110,0x0000000772780000)
  to   space 41472K, 0% used [0x000000076d680000,0x000000076d680000,0x000000076ff00000)
 ParOldGen       total 85504K, used 85196K [0x00000006c2400000, 0x00000006c7780000, 0x000000076b700000)
  object space 85504K, 99% used [0x00000006c2400000,0x00000006c7733000,0x00000006c7780000)
 Metaspace       used 9435K, capacity 9824K, committed 10112K, reserved 1058816K
  class space    used 1029K, capacity 1044K, committed 1152K, reserved 1048576K
Event: 12.145 GC heap after
Heap after GC invocations=29 (full 7):
 PSYoungGen      total 72192K, used 492K [0x000000076b700000, 0x0000000772780000, 0x00000007c0000000)
  eden space 32256K, 0% used [0x000000076b700000,0x000000076b700000,0x000000076d680000)
  from space 39936K, 1% used [0x0000000770080000,0x00000007700fb1b8,0x0000000772780000)
  to   space 41472K, 0% used [0x000000076d680000,0x000000076d680000,0x000000076ff00000)
 ParOldGen       total 120320K, used 85128K [0x00000006c2400000, 0x00000006c9980000, 0x000000076b700000)
  object space 120320K, 70% used [0x00000006c2400000,0x00000006c77221c0,0x00000006c9980000)
 Metaspace       used 9435K, capacity 9824K, committed 10112K, reserved 1058816K
  class space    used 1029K, capacity 1044K, committed 1152K, reserved 1048576K
}
Event: 23.771 GC heap before
{Heap before GC invocations=30 (full 7):
 PSYoungGen      total 72192K, used 32748K [0x000000076b700000, 0x0000000772780000, 0x00000007c0000000)
  eden space 32256K, 100% used [0x000000076b700000,0x000000076d680000,0x000000076d680000)
  from space 39936K, 1% used [0x0000000770080000,0x00000007700fb1b8,0x0000000772780000)
  to   space 41472K, 0% used [0x000000076d680000,0x000000076d680000,0x000000076ff00000)
 ParOldGen       total 120320K, used 85128K [0x00000006c2400000, 0x00000006c9980000, 0x000000076b700000)
  object space 120320K, 70% used [0x00000006c2400000,0x00000006c77221c0,0x00000006c9980000)
 Metaspace       used 9843K, capacity 10144K, committed 10368K, reserved 1058816K
  class space    used 1029K, capacity 1044K, committed 1152K, reserved 1048576K
Event: 23.791 GC heap after
Heap after GC invocations=30 (full 7):
 PSYoungGen      total 73728K, used 3417K [0x000000076b700000, 0x0000000772a00000, 0x00000007c0000000)
  eden space 32256K, 0% used [0x000000076b700000,0x000000076b700000,0x000000076d680000)
  from space 41472K, 8% used [0x000000076d680000,0x000000076d9d64c8,0x000000076ff00000)
  to   space 40960K, 0% used [0x0000000770200000,0x0000000770200000,0x0000000772a00000)
 ParOldGen       total 120320K, used 85136K [0x00000006c2400000, 0x00000006c9980000, 0x000000076b700000)
  object space 120320K, 70% used [0x00000006c2400000,0x00000006c77241c0,0x00000006c9980000)
 Metaspace       used 9843K, capacity 10144K, committed 10368K, reserved 1058816K
  class space    used 1029K, capacity 1044K, committed 1152K, reserved 1048576K
}

